[    0.000000] Initializing cgroup subsys cpuset
[    0.000000] Initializing cgroup subsys cpu
[    0.000000] Initializing cgroup subsys cpuacct
[    0.000000] Linux version 4.4.0-31-generic (buildd@lgw01-16) (gcc version 5.3.1 20160413 (Ubuntu 5.3.1-14ubuntu2.1) ) #50-Ubuntu SMP Wed Jul 13 00:07:12 UTC 2016 (Ubuntu 4.4.0-31.50-generic 4.4.13)
[    0.000000] Command line: BOOT_IMAGE=/boot/vmlinuz-4.4.0-31-generic root=LABEL=cloudimg-rootfs ro console=tty1 console=ttyS0
[    0.000000] KERNEL supported cpus:
[    0.000000]   Intel GenuineIntel
[    0.000000]   AMD AuthenticAMD
[    0.000000]   Centaur CentaurHauls
[    0.000000] x86/fpu: xstate_offset[2]:  576, xstate_sizes[2]:  256
[    0.000000] x86/fpu: Supporting XSAVE feature 0x01: 'x87 floating point registers'
[    0.000000] x86/fpu: Supporting XSAVE feature 0x02: 'SSE registers'
[    0.000000] x86/fpu: Supporting XSAVE feature 0x04: 'AVX registers'
[    0.000000] x86/fpu: Enabled xstate features 0x7, context size is 832 bytes, using 'standard' format.
[    0.000000] x86/fpu: Using 'lazy' FPU context switches.
[    0.000000] e820: BIOS-provided physical RAM map:
[    0.000000] BIOS-e820: [mem 0x0000000000000000-0x000000000009fbff] usable
[    0.000000] BIOS-e820: [mem 0x000000000009fc00-0x000000000009ffff] reserved
[    0.000000] BIOS-e820: [mem 0x00000000000f0000-0x00000000000fffff] reserved
[    0.000000] BIOS-e820: [mem 0x0000000000100000-0x000000003ffeffff] usable
[    0.000000] BIOS-e820: [mem 0x000000003fff0000-0x000000003fffffff] ACPI data
[    0.000000] BIOS-e820: [mem 0x00000000fffc0000-0x00000000ffffffff] reserved
[    0.000000] NX (Execute Disable) protection: active
[    0.000000] SMBIOS 2.5 present.
[    0.000000] Hypervisor detected: KVM
[    0.000000] e820: last_pfn = 0x3fff0 max_arch_pfn = 0x400000000
[    0.000000] x86/PAT: Configuration [0-7]: WB  WC  UC- UC  W  C  UC-WT  
[    0.000000] MTRR: Disabled
[    0.000000] CPU MTRRs all blank - virtualized system.
[    0.000000] found SMP MP-table at [mem 0x0009fff0-0x0009ffff] mapped at [ffff88000009fff0]
[    0.000000] Scanning 1 areas for low memory corruption
[    0.000000] RAMDISK: [mem 0x371b8000-0x378d3fff]
[    0.000000] ACPI: Early table checksum verification disabled
[    0.000000] ACPI: RSDP 0x00000000000E0000 000024 (v02 VBOX  )
[    0.000000] ACPI: XSDT 0x000000003FFF0030 00003C (v01 VBOX   VBOXXSDT 00000001 ASL  00000061)
[    0.000000] ACPI: FACP 0x000000003FFF00F0 0000F4 (v04 VBOX   VBOXFACP 00000001 ASL  00000061)
[    0.000000] ACPI: DSDT 0x000000003FFF0470 002118 (v01 VBOX   VBOXBIOS 00000002 INTL 20160108)
[    0.000000] ACPI: FACS 0x000000003FFF0200 000040
[    0.000000] ACPI: FACS 0x000000003FFF0200 000040
[    0.000000] ACPI: APIC 0x000000003FFF0240 00005C (v02 VBOX   VBOXAPIC 00000001 ASL  00000061)
[    0.000000] ACPI: SSDT 0x000000003FFF02A0 0001CC (v01 VBOX   VBOXCPUT 00000002 INTL 20160108)
[    0.000000] No NUMA configuration found
[    0.000000] Faking a node at [mem 0x0000000000000000-0x000000003ffeffff]
[    0.000000] NODE_DATA(0) allocated [mem 0x3ffeb000-0x3ffeffff]
[    0.000000] kvm-clock: Using msrs 4b564d01 and 4b564d00
[    0.000000] kvm-clock: cpu 0, msr 0:3ffe7001, primary cpu clock
[    0.000000] kvm-clock: using sched offset of 2962163286 cycles
[    0.000000] clocksource: kvm-clock: mask: 0xffffffffffffffff max_cycles: 0x1cd42e4dffb, max_idle_ns: 881590591483 ns
[    0.000000] Zone ranges:
[    0.000000]   DMA      [mem 0x0000000000001000-0x0000000000ffffff]
[    0.000000]   DMA32    [mem 0x0000000001000000-0x000000003ffeffff]
[    0.000000]   Normal   empty
[    0.000000]   Device   empty
[    0.000000] Movable zone start for each node
[    0.000000] Early memory node ranges
[    0.000000]   node   0: [mem 0x0000000000001000-0x000000000009efff]
[    0.000000]   node   0: [mem 0x0000000000100000-0x000000003ffeffff]
[    0.000000] Initmem setup node 0 [mem 0x0000000000001000-0x000000003ffeffff]
[    0.000000] ACPI: PM-Timer IO Port: 0x4008
[    0.000000] IOAPIC[0]: apic_id 2, version 17, address 0xfec00000 GSI 0-23
[    0.000000] ACPI: INT_SRC_OVR (bus 0 bus_irq 0 global_irq 2 dfl dfl)
[    0.000000] ACPI: INT_SRC_OVR (bus 0 bus_irq 9 global_irq 9 high level)
[    0.000000] Using ACPI (MADT) for SMP configuration information
[    0.000000] smpboot: Allowing 2 CPUs, 0 hotplug CPUs
[    0.000000] PM: Registered nosave memory: [mem 0x00000000-0x00000fff]
[    0.000000] PM: Registered nosave memory: [mem 0x0009f000-0x0009ffff]
[    0.000000] PM: Registered nosave memory: [mem 0x000a0000-0x000effff]
[    0.000000] PM: Registered nosave memory: [mem 0x000f0000-0x000fffff]
[    0.000000] e820: [mem 0x40000000-0xfffbffff] available for PCI devices
[    0.000000] Booting paravirtualized kernel on KVM
[    0.000000] clocksource: refined-jiffies: mask: 0xffffffff max_cycles: 0xffffffff, max_idle_ns: 7645519600211568 ns
[    0.000000] setup_percpu: NR_CPUS:256 nr_cpumask_bits:256 nr_cpu_ids:2 nr_node_ids:1
[    0.000000] PERCPU: Embedded 33 pages/cpu @ffff88003fc00000 s98008 r8192 d28968 u1048576
[    0.000000] PV qspinlock hash table entries: 256 (order: 0, 4096 bytes)
[    0.000000] Built 1 zonelists in Node order, mobility grouping on.  Total pages: 257913
[    0.000000] Policy zone: DMA32
[    0.000000] Kernel command line: BOOT_IMAGE=/boot/vmlinuz-4.4.0-31-generic root=LABEL=cloudimg-rootfs ro console=tty1 console=ttyS0
[    0.000000] PID hash table entries: 4096 (order: 3, 32768 bytes)
[    0.000000] Memory: 1005360K/1048120K available (8393K kernel code, 1282K rwdata, 3940K rodata, 1480K init, 1292K bss, 42760K reserved, 0K cma-reserved)
[    0.000000] SLUB: HWalign=64, Order=0-3, MinObjects=0, CPUs=2, Nodes=1
[    0.000000] Hierarchical RCU implementation.
[    0.000000] 	Build-time adjustment of leaf fanout to 64.
[    0.000000] 	RCU restricting CPUs from NR_CPUS=256 to nr_cpu_ids=2.
[    0.000000] RCU: Adjusting geometry for rcu_fanout_leaf=64, nr_cpu_ids=2
[    0.000000] NR_IRQS:16640 nr_irqs:440 16
[    0.000000] Console: colour VGA+ 80x25
[    0.000000] console [tty1] enabled
[    0.000000] console [ttyS0] enabled
[    0.000000] tsc: Detected 3111.418 MHz processor
[    0.153245] Calibrating delay loop (skipped) preset value.. 6222.83 BogoMIPS (lpj=12445672)
[    0.154557] pid_max: default: 32768 minimum: 301
[    0.155237] ACPI: Core revision 20150930
[    0.156594] ACPI: 2 ACPI AML tables successfully acquired and loaded
[    0.158602] Security Framework initialized
[    0.159227] Yama: becoming mindful.
[    0.159813] AppArmor: AppArmor initialized
[    0.162291] Dentry cache hash table entries: 131072 (order: 8, 1048576 bytes)
[    0.163363] Inode-cache hash table entries: 65536 (order: 7, 524288 bytes)
[    0.164660] Mount-cache hash table entries: 2048 (order: 2, 16384 bytes)
[    0.173355] Mountpoint-cache hash table entries: 2048 (order: 2, 16384 bytes)
[    0.174425] Initializing cgroup subsys io
[    0.192997] Initializing cgroup subsys memory
[    0.193677] Initializing cgroup subsys devices
[    0.194336] Initializing cgroup subsys freezer
[    0.194995] Initializing cgroup subsys net_cls
[    0.195678] Initializing cgroup subsys perf_event
[    0.196362] Initializing cgroup subsys net_prio
[    0.197027] Initializing cgroup subsys hugetlb
[    0.197712] Initializing cgroup subsys pids
[    0.198401] CPU: Physical Processor ID: 0
[    0.199014] CPU: Processor Core ID: 0
[    0.200344] mce: CPU supports 0 MCE banks
[    0.200971] Last level iTLB entries: 4KB 1024, 2MB 1024, 4MB 1024
[    0.201824] Last level dTLB entries: 4KB 1024, 2MB 1024, 4MB 1024, 1GB 4
[    0.204118] Freeing SMP alternatives memory: 28K (ffffffff820b4000 - ffffffff820bb000)
[    0.212911] ftrace: allocating 31994 entries in 125 pages
[    0.266507] smpboot: Max logical packages: 1
[    0.349678] smpboot: APIC(0) Converting physical 0 to logical package 0
[    0.392879] ..TIMER: vector=0x30 apic1=0 pin1=2 apic2=-1 pin2=-1
[    0.670929] smpboot: CPU0: Intel(R) Core(TM) i7-4770S CPU @ 3.10GHz (family: 0x6, model: 0x3c, stepping: 0x3)
[    0.950226] Performance Events: unsupported p6 CPU model 60 no PMU driver, software events only.
[    1.188361] KVM setup paravirtual spinlock
[    1.289261] x86: Booting SMP configuration:
[    1.382840] .... node  #0, CPUs:      #1
[   11.493346]kkmmccoock: cp  1, msr 033ffe7041, secondaryccpu clock

[    1.772981] mce: CPU supports 0 MCE banks
[    1.943882] x86: Booted up 1 node, 2 CPUs
[    2.052586] smpboot: Total of 2 processors activated (12445.67 BogoMIPS)
[    2.155738] devtmpfs: initialized
[    2.225696] evm: security.selinux
[    2.316959] evm: security.SMACK64
[    2.380542] evm: security.SMACK64EXEC
[    2.385913] evm: security.SMACK64TRANSMUTE
[    2.408693] evm: security.SMACK64MMAP
[    2.508097] evm: security.ima
[    2.593430] evm: security.capability
[    2.700140] clocksource: jiffies: mask: 0xffffffff max_cycles: 0xffffffff, max_idle_ns: 7645041785100000 ns
[    2.985204] pinctrl core: initialized pinctrl subsystem
[    3.060478] RTC time: 22:51:35, date: 07/28/16
[    3.107871] NET: Registered protocol family 16
[    3.139735] cpuidle: using governor ladder
[    3.243449] cpuidle: using governor menu
[    3.355054] PCCT header not found.
[    3.415438] ACPI: bus type PCI registered
[    3.416028] acpiphp: ACPI Hot Plug PCI Controller Driver version: 0.5
[    3.416914] PCI: Using configuration type 1 for base access
[    3.443057] ACPI: Added _OSI(Module Device)
[    3.560571] ACPI: Added _OSI(Processor Device)
[    3.610967] ACPI: Added _OSI(3.0 _SCP Extensions)
[    3.611577] ACPI: Added _OSI(Processor Aggregator Device)
[    3.612728] ACPI: Executed 1 blocks of module-level executable AML code
[    3.614937] ACPI: Interpreter enabled
[    3.713054] ACPI Exception: AE_NOT_FOUND, While evaluating Sleep State [\_S1_] (20150930/hwxface-580)
[    3.950609] ACPI Exception: AE_NOT_FOUND, While evaluating Sleep State [\_S2_] (20150930/hwxface-580)
[    4.217341] ACPI Exception: AE_NOT_FOUND, While evaluating Sleep State [\_S3_] (20150930/hwxface-580)
[    4.388831] ACPI Exception: AE_NOT_FOUND, While evaluating Sleep State [\_S4_] (20150930/hwxface-580)
[    4.391162] ACPI: (supports S0 S5)
[    4.391659] ACPI: Using IOAPIC for interrupt routing
[    4.392435] PCI: Using host bridge windows from ACPI; if necessary, use "pci=nocrs" and report a bug
[    4.395988] ACPI: PCI Root Bridge [PCI0] (domain 0000 [bus 00-ff])
[    4.396794] acpi PNP0A03:00: _OSC: OS supports [ASPM ClockPM Segments MSI]
[    4.397583] acpi PNP0A03:00: _OSC failed (AE_NOT_FOUND); disabling ASPM
[    4.403121] acpi PNP0A03:00: fail to add MMCONFIG information, can't access extended PCI configuration space under this bridge.
[    4.404611] PCI host bridge to bus 0000:00
[    4.405147] pci_bus 0000:00: root bus resource [io  0x0000-0x0cf7 window]
[    4.405944] pci_bus 0000:00: root bus resource [io  0x0d00-0xffff window]
[    4.406707] pci_bus 0000:00: root bus resource [mem 0x000a0000-0x000bffff window]
[    4.407696] pci_bus 0000:00: root bus resource [mem 0x40000000-0xffdfffff window]
[    4.408690] pci_bus 0000:00: root bus resource [bus 00-ff]
[    4.410335] pci 0000:00:01.1: legacy IDE quirk: reg 0x10: [io  0x01f0-0x01f7]
[    4.411119] pci 0000:00:01.1: legacy IDE quirk: reg 0x14: [io  0x03f6]
[    4.411865] pci 0000:00:01.1: legacy IDE quirk: reg 0x18: [io  0x0170-0x0177]
[    4.413763] pci 0000:00:01.1: legacy IDE quirk: reg 0x1c: [io  0x0376]
[    4.429385] ACPI: PCI Interrupt Link [LNKA] (IRQs 5 9 10 11) *0, disabled.
[    4.527411] ACPI: PCI Interrupt Link [LNKB] (IRQs 5 9 10 *11)
[    4.679321] ACPI: PCI Interrupt Link [LNKC] (IRQs 5 9 *10 11)
[    4.796007] ACPI: PCI Interrupt Link [LNKD] (IRQs 5 *9 10 11)
[    4.949634] ACPI: Enabled 2 GPEs in block 00 to 07
[    5.070338] vgaarb: setting as boot device: PCI:0000:00:02.0
[    5.107251] vgaarb: device added: PCI:0000:00:02.0,decodes=io+mem,owns=io+mem,locks=none
[    5.114786] vgaarb: loaded
[    5.115232] vgaarb: bridge control possible 0000:00:02.0
[    5.116138] SCSI subsystem initialized
[    5.116839] ACPI: bus type USB registered
[    5.117442] usbcore: registered new interface driver usbfs
[    5.232732] usbcore: registered new interface driver hub
[    5.388674] usbcore: registered new device driver usb
[    5.525133] PCI: Using ACPI for IRQ routing
[    5.535202] NetLabel: Initializing
[    5.593442] NetLabel:  domain hash size = 128
[    5.694908] NetLabel:  protocols = UNLABELED CIPSOv4
[    5.842979] NetLabel:  unlabeled traffic allowed by default
[    6.005133] clocksource: Switched to clocksource kvm-clock
[    6.1724]ppmo AArr lest Ebld  6.03] p:nPCPin
[    6738]npPnAC: un3 vis
[    7.409304] clocksource: acpi_pm: mask: 0xffffff max_cycles: 0xffffff, max_idle_ns: 2085701024 ns
[    7.417372] NET: Registered protocol family 2
[    7.419481] TCP established hash table entries: 8192 (order: 4, 65536 bytes)
[    7.422853] TCP bind hash table entries: 8192 (order: 5, 131072 bytes)
[    7.427653] TCP: Hash tables configured (established 8192 bind 8192)
[    7.428586] UDP hash table entries: 512 (order: 2, 16384 bytes)
[    7.429404] UDP-Lite hash table entries: 512 (order: 2, 16384 bytes)
[    7.430271] NET: Registered protocol family 1
[    7.435985] pci 0000:00:00.0: Limiting direct PCI/PCI transfers
[    7.438863] pci 0000:00:01.0: Activating ISA DMA hang workarounds
[    7.440182] Trying to unpack rootfs image as initramfs...
[    8.333116] Freeing initrd memory: 7280K (ffff8800371b8000 - ffff8800378d4000)
[    8.548480] RAPL PMU detected, API unit is 2^-32 Joules, 4 fixed counters 10737418240 ms ovfl timer
[    8.736982] hw unit of domain pp0-core 2^-0 Joules
[    8.871638] hw unit of domain package 2^-0 Joules
[    8.955839] hw unit of domain dram 2^-0 Joules
[    8.956408] hw unit of domain pp1-gpu 2^-0 Joules
[    8.957088] platform rtc_cmos: registered platform RTC device (no PNP device found)
[    8.960555] Scanning for low memory corruption every 60 seconds
[    8.970452] futex hash table entries: 512 (order: 3, 32768 bytes)
[    8.975835] audit: initializing netlink subsys (disabled)
[    8.978868] audit: type=2000 audit(1469746300.508:1): initialized
[    8.982627] Initialise system trusted keyring
[    8.986161] HugeTLB registered 2 MB page size, pre-allocated 0 pages
[    8.991207] zbud: loaded
[    8.994253] VFS: Disk quotas dquot_6.6.0
[    8.998689] VFS: Dquot-cache hash table entries: 512 (order 0, 4096 bytes)
[    9.003985] squashfs: version 4.0 (2009/01/31) Phillip Lougher
[    9.007007] fuse init (API version 7.23)
[    9.009824] Key type big_key registered
[    9.016109] Allocating IMA MOK and blacklist keyrings.
[    9.114477  Ke  yype asymmetii  reiittered

[    9335671]] Ayymmetii  ee  aarsrr''x599  eegistered
[    9.755132] Block layer SCSI generic (bsg) driver version 0.4 loaded (major 249)
[    9.756462] io scheduler noop registered
[    9.757125] io scheduler deadline registered (default)
[    9.757997] io scheduler cfq registered
[    9.758690] pci_hotplug: PCI Hot Plug PCI Core version: 0.5
[    9.759479] pciehp: PCI Express Hot Plug Controller Driver version: 0.4
[    9.760489] ACPI: AC Adapter [AC] (on-line)
[    9.761169] input: Power Button as /devices/LNXSYSTM:00/LNXPWRBN:00/input/input0
[    9.762381] ACPI: Power Button [PWRF]
[    9.73311]] input  Sleep uuttonaa  ddevccss/LXXYYST::00LLXXLLPBN:00/inptt/inptt
[   00441166]]ttcc: eeiine  SSC llccssuucce calibration: 3092.139 MHz
[   10.808808] clocksource: tsc: mask: 0xffffffffffffffff max_cycles: 0x2c92456fd68, max_idle_ns: 440795208705 ns
[   10.808841] ACPI: Sleep Button [SLPF]
[   10.809024] GHES: HEST is not enabled!
[   10.809442] virtio-pci 0000:00:03.0: virtio_pci: leaving for legacy driver
[   10.811957] Serial: 8250/16550 driver, 32 ports, IRQ sharing enabled
[ 10343] 00:02: ttyS0 at I/O 0x3f8 (irq = 4, base_baud = 115200) is a 16550A
[   11.29799]] Lnnxx appaattiitteraaee v..003
[   11.685877  br::mmodule loaddd

[   11.909269] loop: module loaded
[   11.91244]] scsi host0:aaaa_piix
[   121100554] sssi host1: ata_piix
[   12339999]] ata1: PATA max UDMA/33 cmd 0x1f0 ctl 0x3f6 bmdma 0xd000 irq 14
[   12.505703] ata2: PATA max UDMA/33 cmd 0x170 ctl 0x376 bmdma 0xd008 irq 15
[   12.506756] libphy: Fixed MDIO Bus: probed
[   12.507327] tun: Universal TUN/TAP device driver, 1.6
[   12.507909] tun: (C) 1999-2004 Max Krasnyansky <maxk@qualcomm.com>
[   12.508859] PPP generic rrivervversinn22.422

[   22669577]] ecc__hcd: USB 2.0 'Enhanced' Host Controller (EHCI) Driver
[   12.926157] ehci-pci: EHCI PCI platform driver
[   12.926773] ehci-platform: EHCI generic platform driver
[   12.927416] ohci_hcd: USB 1.1 'Open' Host Controller (OHCI) Driver
[   12.928122] ohci-pci: OHCI PCI platform driver
[   12.928694] ohci-platform: OHCI generic platform driver
[   12.929326] uhci_hcd: USB Universal Host Controller Interface driver
[   12.930125] i8042: PNP: PS/2 Controller [PNP0303:PS2K,PNP0f03:PS2M] at 0x60,0x64 irq 1,12
[   12.931589] serio: i8042 KBD port at 0x60,0x64 irq 1
[   12.932218] serio: i8042 AUX port at 0x60,0x64 irq 12
[   12.932925] mousedev: PS/2 mouse device common for all mice
[   12.933908] rtc_cmos rtc_cmos: rtc core: registered rtc_cmos as rtc0
[   12.934757] input: AT Translated Set 2 keyboard as /devices/platform/i8042/serio0/input/input2
[   12.935878] rtc_cmos rtc_cmos: alarms up to one day, 114 bytes nvram
[   12.936678] i2c /dev entries driver
[   12.937206] device-mapper: uevent: version 1.0.3
[   12.937876] device-mapper: ioctl: 4.34.0-ioctl (2015-10-28) initialised: dm-devel@redhat.com
[   12.938963] ledtrig-cpu: registered to indicate activity on CPUs
[   12.940067] NET: Registered protocol family 10
[   12.940815] NET: Registered protocol family 17
[   12.941392] Key type dns_resolver registered
[   12.942085] microcode: CPU0 sig=0x306c3, pf=0x40, revision=0x0
[   12.942992] microcode: CPU1 sig=0x306c3, pf=0x40, revision=0x0
[   12.943693] microcode: Microcode Update Driver: v2.01 <tigran@aivazian.fsnet.co.uk>, Peter Oruba
[   12.944862] registered taskstats version 1
[   12.945476] Loading compiled-in X.509 certificates
[   12.946595] Loaded X.509 cert 'Build time autogenerated kernel key: cfb4d0870811f0d88a3f3259915bd8e83759f99c'
[   12.947775] zswap: loaded using pool lzo/zbud
[   12.949679] Key type trusted registered
[   12.952378] Key type encrypted registered
[   12.952919] AppArmor: AppArmor sha1 policy hashing enabled
[   12.953620] ima: No TPM chip found, activating TPM-bypass!
[   12.954284] evm: HMAC attrs: 0x1
[   12.955008]   Magic number: 8:784:907
[   12.955601] rtc_cmos rtc_cmos: setting system clock to 2016-07-28 22:51:45 UTC (1469746305)
[   12.956750] BIOS EDD facility v0.16 2004-Jun-25, 0 devices found
[   12.957452] EDD information not available.
[   12.958956] Freeing unused kernel memory: 1480K (ffffffff81f42000 - ffffffff820b4000)
[   12.959955] Write protecting the kernel read-only data: 14336k
[   12.961042] Freeing unused kernel memory: 1836K (ffff880001835000 - ffff880001a00000)
[   12.962362] Freeing unused kernel memory: 156K (ffff880001dd9000 - ffff880001e00000)
Loading, please wait...
starting version[   12.972840] random: systemd-udevd urandom read with 2 bits of entropy available
 229
[   13.048332] e1000: Intel(R) PRO/1000 Network Driver - version 7.3.21-k8-NAPI
[   13.661549] e1000: Copyright (c) 1999-2006 Intel Corporation.
[   13.968982] Fusion MPT base driver 3.04.20
[   14.038756] Copyright (c) 1999-2008 LSI Corporation
[   14.054340] Fusion MPT SPI Host driver 3.04.20
[   14.063923] virtio_net virtio0 enp0s3: renamed from eth0
[   14.266715] AVX version of gcm_enc/dec engaged.
[   14.368356] e1000 0000:00:08.0 eth0: (PCI:33MHz:32-bit) 08:00:27:fe:20:60
[   14.368358] e1000 0000:00:08.0 eth0: Intel(R) PRO/1000 Network Connection
[   15.039639] mptbase: ioc0: Initiating bringup
[   15.097298] ioc0: LSI53C1030 A0: Capabilities={Initiator}
[   15.174362] AES CTR mode by8 optimization enabled
[   15.179112] input: ImExPS/2 Generic Explorer Mouse as /devices/platform/i8042/serio1/input/input4
[   15.556939] e1000 0000:00:08.0 enp0s8: renamed from eth0
[   15.594095] scsi host2: ioc0: LSI53C1030 A0, FwRev=00000000h, Ports=1, MaxQ=256, IRQ=20
[   15.918068] scsi 2:0:0:0: Direct-Access     VBOX     HARDDISK         1.0  PQ: 0 ANSI: 5
[   15.968442] scsi target2:0:0: Beginning Domain Validation
[   15.970689] scsi target2:0:0: Domain Validation skipping write tests
[   15.971535] scsi target2:0:0: Ending Domain Validation
[   15.972310] scsi target2:0:0: asynchronous
[   15.973451] scsi 2:0:1:0: Direct-Access     VBOX     HARDDISK         1.0  PQ: 0 ANSI: 5
[   15.974512] scsi target2:0:1: Beginning Domain Validation
[   15.975917] scsi target2:0:1: Domain Validation skipping write tests
[   15.978605] scsi target2:0:1: Ending Domain Validation
[   16.116799] scsi target2:0:1: asynchronous
[   16.404566] sd 2:0:0:0: Attached scsi generic sg0 type 0
[   16.404770] sd 2:0:0:0: [sda] 20971520 512-byte logical blocks: (10.7 GB/10.0 GiB)
[   16.404921] sd 2:0:0:0: [sda] Write Protect is off
[   16.405017] sd 2:0:0:0: [sda] Incomplete mode parameter data
[   16.405018] sd 2:0:0:0: [sda] Assuming drive cache: write through
[   16.554667]  sda: sda1
[   16.555120] sd 2:0:0:0: [sda] Attached SCSI disk
[   16.843791] sd 2:0:1:0: [sdb] 20480 512-byte logical blocks: (10.5 MB/10.0 MiB)
[   16.853114] sd 2:0:1:0: Attached scsi generic sg1 type 0
[   16.853216] sd 2:0:1:0: [sdb] Write Protect is off
[   16.853270] sd 2:0:1:0: [sdb] Incomplete mode parameter data
[   16.853271] sd 2:0:1:0: [sdb] Assuming drive cache: write through
[   16.882529] sd 2:0:1:0: [sdb] Attached SCSI disk
[   17.133194] floppy0: no floppy controllers found
Begin: Loading e[   18.418424] md: linear personality registered for level -1
ssential drivers[   18.589897] md: multipath personality registered for level -4
 ... [   18.765726] md: raid0 personality registered for level 0
[   18.926640] md: raid1 personality registered for level 1
[   19.149918] raid6: sse2x1   gen() 11506 MB/s
[   19.296128] raid6: sse2x1   xor()  8335 MB/s
[   19.630193] raid6: sse2x2   gen() 12333 MB/s
[   19.982943] raid6: sse2x2   xor()  9798 MB/s
[   20.335464] raid6: sse2x4   gen() 16651 MB/s
[   20.773552] raid6: sse2x4   xor() 11891 MB/s
[   21.105675] raid6: using algorithm sse2x4 gen() 16651 MB/s
[   21.593554] raid6: .... xor() 11891 MB/s, rmw enabled
[   21.921819] raid6: using ssse3x2 recovery algorithm
[   21.923996] xor: automatically using best checksumming function:
[   22.041137]    avx       : 23747.000 MB/sec
[   22.167435] async_tx: api initialized (async)
[   22.487247] md: raid6 personality registered for level 6
[   22.528222] md: raid5 personality registered for level 5
[   22.528892] md: raid4 personality registered for level 4
[   22.534227] md: raid10 personality registered for level 10
done.
Begin: Running /scripts/init-premount ... done.
Begin: Mounting root file system ... Begin: Running /scripts/local-top ... done[   22.559913] Btrfs loaded
.
Begin: Running /scripts/local-premount ... Scanning for Btrfs[   22.675112] EXT4-fs (sda1): mounted filesystem with ordered data mode. Opts: (null)
 filesystems
done.
Warning: fsck not present, so skipping root file system
done.
Begin: Running /scripts/local-bottom ... done.
Begin: Running /scripts/init-bottom ... Warning: overlayroot: debug is busted
done.
[   23.030283] systemd[1]: systemd 229 running in system mode. (+PAM +AUDIT +SELINUX +IMA +APPARMOR +SMACK +SYSVINIT +UTMP +LIBCRYPTSETUP +GCRYPT +GNUTLS +ACL +XZ -LZ4 +SECCOMP +BLKID +ELFUTILS +KMOD -IDN)
[   23.050572] systemd[1]: Detected virtualization oracle.
[   23.058911] systemd[1]: Detected architecture x86-64.

Welcome to [1mUbuntu 16.04.1 LTS[0m!

[   23.106780] systemd[1]: Set hostname to <ubuntu>.
[   23.160877] systemd[1]: Initializing machine ID from random generator.
[   23.167059] systemd[1]: Installed transient /etc/machine-id file.
[   23.446533] systemd[1]: Listening on udev Kernel Socket.
[[0;32m  OK  [0m] Listening on udev Kernel Socket.
[ 23578]systemd[1]: Set up automount Arbitrary Executable File Formats File System Automount Point.
[[0;32m  OK  [0m] Set up automount Arbitrary Executab...ats File System Automount Point.
[ 24733]ysmd]:isni oSyogoct.
[[0;32m  OK  [0m] Listening on Syslog Socket.
[   24.857453] systemd[1]: Listening on /dev/initctl Compatibility Named Pipe.
[[0;32m  OK  [0m] Listening on /dev/initctl Compatibility Named Pipe.
[   24.975569] systemd[1]: Listening on LVM2 poll daemon socket.
[[0;32m  OK  [0m] Listening on LVM2 poll daemon socket.
[   25.037673] systemd[1]: Created slice User and Session Slice.
[[0;32m  OK  [0m] Created slice User and Session Slice.
[   25.405478] systemd[1]: Listening on Journal Socket.
[[0;32m  OK  [0m] Listening on Journal Socket.
[   25.550555] systemd[1]: Reached target Swap.
[[0;32m  OK  [0m] Reached target Swap.
[   25.551772] systemd[1]: Reached target User and Group Name Lookups.
[[0;32m  OK  [0m] Reached target User and Group Name Lookups.
[   25.553330] systemd[1]: Listening on Device-mapper event daemon FIFOs.
[[0;32m  OK  [0m] Listening on Device-mapper event daemon FIFOs.
[   25.561313] systemd[1]: Reached target Encrypted Volumes.
[[0;32m  OK  [0m] Reached target Encrypted Volumes.
[   25.728755] systemd[1]: Listening on udev Control Socket.
[[0;32m  OK  [0m] Listening on udev Control Socket.
[ 25379]ysmd]:isni oJonaSoet/d/l).
[[0;32m  OK  [0m] Listening on Journal Socket (/dev/log).
[   26.594526] systemd[1]: Started Forward Password Requests to Wall Directory Watch.
[[0;32m  OK  [0m] Started Forward Password Requests to Wall Directory Watch.
[   26.857435] systemd[1]: Lisni oJonaAut ck.
[[0;32m  OK  [0m] Listening on Journal Audit Socket.
[   27.806293] systemd[1]: Created slice System Slice.
[[0;32m  OK  [0m] Created slice System Slice.
[   27.947946] systemd[1]: Reached target Slices.
[[0;32m  OK  [0m] Reached target Slices.
[   27.969683] systemd[1 Cat sceysm-ri\xgey.ic
[[0;32m  OK  [0m] Created slice system-serial\x2dgetty.slice.
[   28.613436] systemd[1]: Starting Uncomplicated firewall...
         Starting Uncomplicated firewall...
[   28.705343] systemd[1]: Starting Create list of required static device nodes for the current kernel...
[   28.957856] random: nonblocking pool is initialized
         Starting Create list of required st... nodes for the current kernel...
[   29.197430] systemd[1]: Starting Journal Service...
         Starting Journal Service...
[   29.373387] systemd[1]: Starting Nameserver information manager...
         Starting Nameserver information manager...
[   29.697460] systemd[1]: Starting Remount Root and Kernel File Systems...
         Starting Remount Root and Kernel File Systems...
[   29.720822] systemd[1]: Starting Set console keymap...
         [   29.796416] EXT4-fs (sda1): re-mounted. Opts: (null)
Starting Set console keymap...
[   29.957366] systemd[1]: Mounting Debug File System...
         Mounting Debug File System...
[   30.153424] systemd[1]: Mounting POSIX Message Queue File System...
         Mounting POSIX Message Queue File System...
[   0.94] std[: stinonLVM2 metadata daemon socket.
[[0;32m  OK  [0m] Listening on LVM2 metadata daemon socket.
[   30.833322] systemd[1]: Starting Monitoring of LVM2 mirrors, snapshots etc. using dmeventd or progress polling...
         Starting Monitoring of LVM2 mirrors... dmeventd or progress polling...
[   31.161374] systemd[1]: Mounting Huge Pages File System...
         Mounting Huge Pages File System...
[   31.393312] systemd[1]: Starting Load Kernel Modules...
         Starting Load Kernel Modules...
[   115500001] Loading iSCSI transoort class v200-870.
[   31.865905] systemd[1]: Mounted Huge Pages File System.
[[0;32m  OK  [0[   31.995372] iscsi: registered transport (tcp)
m] Mounted Huge Pages File System.
[   32.273455]ssystemd[1]: Mounted POSIX Message Queue File System.
[[0;32m  OK  [0m] Mounted POSIX[   32.789115] iscsi: registered transport (iser)
 Message Queue File System.
[   33.149452] systemd[1]: Mounted Debug File System.
[[0;32m  OK  [0m] Mounted Debug File System.
[   33.4657]ysmd]:Started Journal Service.
[[0;32m  OK  [0m] Started Journal Service.
[[0;32m  OK  [0m] Started Uncomplicated firewall.
[[0;32m  OK  [0m] Started Create list of required sta...ce nodes for the current kernel.
[[0;32m  OK  [0m] Started Remount Root and Kernel File Systems.
[[0;32m  OK  [0m] Started Set console keymap.
[[0;32m  OK  [0m] Started Load Kernel Modules.
[[0;32m  OK  [0m] Started Nameserver information manager.
[[0;32m  OK  [0m] Started LVM2 metadata daemon.
         Starting Apply Kernel Variables...
         Mounting FUSE Control File System...
         Starting udev Coldplug all Devices...
         Starting Load/Save Random Seed...
         Starting Create Static Device Nodes in /dev...
         Starting Flush Journal to Persistent Storage...
[[0;32m  OK  [0m] Mounted FUSE Control File System.
[[0;32m  OK  [0m] Started Apply Kernel Variables.
[[0;32m  OK  [0m] Started Load/Save Random Seed.
[[0;32m  OK  [0m] Started udev Coldplug all Devices.
[[0;32m  OK  [0m] Started Create Static Device Nodes in /dev.
         Starting udev Kernel Device Manager...
[[0;32m  OK  [0m] Started Flush Journal to Persistent Storage.
[[0;32m  OK  [0m] Started Monitoring of LVM2 mirrors,...ng dmeventd or progress polling.
[[0;32m  OK  [0m] Started udev Kernel Device Manager.
[[0;32m  OK  [0m] Started Dispatch Password Requests to Console Directory Watch.
[[0;32m  OK  [0m] Reached target Local File Systems (Pre).
[[0;32m  OK  [0m] Reached target Local File Systems.
         Starting LSB: AppArmor initialization...
         Starting Set console font and keymap...
         Starting Initial cloud-init job (pre-networking)...
         Starting Tell Plymouth To Write Out Runtime Data...
         Starting Commit a transient machine-id on disk...
         Starting Create Volatile Files and Directories...
[[0;32m  OK  [0m] Started Set console font and keymap.
[[0;32m  OK  [0m] Started Tell Plymouth To Write Out Runtime Data.
[[0;32m  OK  [0m] Started Create Volatile Files and Directories.
[[0;32m  OK  [0m] Started Commit a transient machine-id on disk.
[[0;32m  OK  [0m] Found device /dev/ttyS0.
[[0;32m  OK  [0m] Listening on Load/Save RF Kill Switch Status /dev/rfkill Watch.
         Starting Network Time Synchronization...
         Starting Update UTMP about System Boot/Shutdown...
[[0;32m  OK  [0m] Created slice system-getty.slice.
[[0;32m  OK  [0m] Started Network Time Synchronization.
[[0;32m  OK  [0m] Reached target System Time Synchronized.
[[0;32m  OK  [0m] Started Update UTMP about System Boot/Shutdown.
[[0;32m  OK  [0m] Started LSB: AppArmor initialization.
[[0;32m  OK  [0m] Reached target System Initialization.
[[0;32m  OK  [0m] Started Daily Cleanup of Temporary Directories.
[[0;32m  OK  [0m] Started Daily apt activities.
[[0;32m  OK  [0m] Listening on ACPID Listen Socket.
         Starting LXD - unix socket.
[[0;32m  OK  [0m] Started Timer to automatically refresh installed snaps.
[[0;32m  OK  [0m] Reached target Timers.
[[0;32m  OK  [0m] Started ACPI Events Check.
[[0;32m  OK  [0m] Listening on UUID daemon activation socket.
[[0;32m  OK  [0m] Listening on D-Bus System Message Bus Socket.
         Starting Socket activation for snappy daemon.
[[0;32m  OK  [0m] Started Trigger resolvconf update for networkd DNS.
[[0;32m  OK  [0m] Reached target Paths.
[[0;32m  OK  [0m] Listening on LXD - unix socket.
[[0;32m  OK  [0m] Listening on Socket activation for snappy daemon.
[[0;32m  OK  [0m] Reached target Sockets.
[[0;32m  OK  [0m] Reached target Basic System.
[[0;32m  OK  [0m] Started Deferred execution scheduler.
         Starting Accounts Service...
         Starting Login Service...
[[0;32m  OK  [0m] Started ACPI event daemon.
         Starting LXD - container startup/shutdown...
         Starting System Logging Service...
         Starting LSB: Record successful boot for GRUB...
[[0;32m  OK  [0m] Started FUSE filesystem for LXC.
[[0;32m  OK  [0m] Started Regular background program processing daemon.
[[0;32m  OK  [0m] Started Snappy daemon.
         Starting LSB: MD monitoring daemon...
[[0;32m  OK  [0m] Started D-Bus System Message Bus.
[   32.193404] cloud-init[1737]: Cloud-init v. 0.7.7 running 'init-local' at Thu, 28 Jul 2016 22:52:09 +0000. Up 31.62 seconds.
[[0;32m  OK  [0m] Started System Logging Service.
[[0;32m  OK  [0m] Started Initial cloud-init job (pre-networking).
[[0;32m  OK  [0m] Started Login Service.
         Starting Authenticate and Authorize Users to Run Privileged Tasks...
[[0;32m  OK  [0m] Reached target Network (Pre).
         Starting Raise network interfaces...
[[0;32m  OK  [0m] Started LSB: Record successful boot for GRUB.
[[0;32m  OK  [0m] Started LSB: MD monitoring daemon.
[[0;32m  OK  [0m] Started Authenticate and Authorize Users to Run Privileged Tasks.
[[0;32m  OK  [0m] Started Accounts Service.
[[0;32m  OK  [0m] Started LXD - container startup/shutdown.
[[0;32m  OK  [0m] Started Raise network interfaces.
[[0;32m  OK  [0m] Reached target Network.
         Starting Initial cloud-init job (metadata service crawler)...
[   34.524109] cloud-init[2068]: Cloud-init v. 0.7.7 running 'init' at Thu, 28 Jul 2016 22:52:11 +0000. Up 33.51 seconds.
[   34.684482] [cloud-init[0;32m  OK  [0m[2068]: ] ci-info: ++++++++++++++++++++++++++++++++++++++Net device info++++++++++++++++++++++++++++++++++++++Started Initial cloud-init job (metadata service crawler).

[   34.684726] cloud-init[2068]: ci-info: +--------+-------+----------------------------+---------------+-------+-------------------+
[   34.980382] [cloud-init[0;32m  OK  [0m[2068]: ] ci-info: | Device |   Up  |          Address           |      Mask     | Scope |     Hw-Address    |Reached target Network is Online.

[   34.980682] cloud-init[2068]: ci-info: +--------+-------+----------------------------+---------------+-------+-------------------+
[   35.168307]          cloud-initStarting iSCSI initiator daemon (iscsid)...[2068]: 
ci-info: |   lo   |  True |         127.0.0.1          |   255.0.0.0   |   .   |         .         |
[   35.183243] cloud-init[2068]: ci-info: |   lo   |  True |          ::1/128           |       .       |  host |         .         |
[   35.185520] cloud-init[2068]: ci-info: | enp0s3 |  True |         10.0.2.15          | 255.255.255.0 |   .   | 02:93:8c:c7:da:19 |
         Starting Seed the pseudo random number generator on first boot...
         Starting /etc/rc.local Compatibility...
[[0;32m  OK  [0m] Reached target Cloud-config availability.
[   35.193260] cloud-init[2068]: ci-info: | enp0s3 |  True | fe80::93:8cff:fec7:da19/64 |       .       |  link | 02:93:8c:c7:da:19 |
         Starting Apply the settings specified in cloud-config...
[   35.209326] cloud-init[2068]: ci-info: | enp0s8 | False |             .              |       .       |   .   | 08:00:27:fe:20:60 |
[[0;32m  OK  [0m] Started /etc/rc.local Compatibility.
[[0;32m  OK  [0m] Started iSCSI initiator daemon (iscsid).
[   35.362419] cloud-init[2068]: ci-info: +--------+-------+----------------------------+---------------+-------+-------------------+
[   35.552333]          cloud-initStarting Login to default iSCSI targets...[2068]: 
ci-info: +++++++++++++++++++++++++++Route IPv4 info++++++++++++++++++++++++++++
[   35.672236] cloud-init[2068]: ci-info: +-------+-------------+----------+---------------+-----------+-------+
[   35.701566] [[0;32m  OK  [0m] Started Login to default iSCSI targets.
cloud-init[2068]: [[0;32m  OK  [0m] Reached target Remote File Systems (Pre).
[[0;32m  OK  [0m] Reached target Remote File Systems.
ci-info: | Route | Destination | Gateway  |    Genmask    | Interface | Flags |
[   35.704932] cloud-init[2068]: ci-info: +-------+-------------+----------+---------------+-----------+-------+
[   35.706397] cloud-init[2068]: ci-info: |   0   |   0.0.0.0   | 10.0.2.2 |    0.0.0.0    |   enp0s3  |   UG  |
[   35.707849] cloud-init[2068]: ci-info: |   1   |   10.0.2.0  | 0.0.0.0  | 255.255.255.0 |   enp0s3  |   U   |
[   35.709340] cloud-init[2068]: ci-info: +-------+-------------+----------+---------------+-----------+-------+
[   35.712965]          Starting LSB: automatic crash report generation...
         Starting Permit User Sessions...
cloud-init[2068]: Generating public/private rsa key pair.
[   35.715124] cloud-init[2068]: Your identification has been saved in /etc/ssh/ssh_host_rsa_key.
         Starting LSB: daemon to balance interrupts for SMP systems...
[   35.716063] cloud-init[2068]:          Starting LSB: Set the CPU Frequency Scaling governor to "ondemand"...
Your public key has been saved in /etc/ssh/ssh_host_rsa_key.pub.
[   35.721331] cloud-init[2068]: The key fingerprint is:
[   35.764261] [cloud-init[0;32m  OK  [0m[2068]: ] SHA256:ujQZ32JnXkPvlscBOZxElAuf8fSuEq1QwnKygZKJxrE root@ubuntu-xenialStarted Permit User Sessions.

[   35.764562] cloud-init[2068]: The key's randomart image is:
[   35.881601] [cloud-init[0;32m  OK  [0m[2068]: ] +---[RSA 2048]----+Started LSB: automatic crash report generation.

[   35.881859] [cloud-init[0;32m  OK  [0m[2068]: ] |            oo.  |Started LSB: daemon to balance interrupts for SMP systems.

[   35.891461] [cloud-init[0;32m  OK  [0m[2068]: ] |  .        . + . |Started LSB: Set the CPU Frequency Scaling governor to "ondemand".

[   35.891732] cloud-init[2068]: | . + o . .  = O .|
         Starting Terminate Plymouth Boot Screen...
[   35.965103] cloud-init[2068]: |  E + . + + .X ..|
[   36.075136]          Starting Hold until boot process finishes up...
cloud-init[2068]: | .   .. S* o..o. |
[   36.077347] [[0;32m  OK  [0m] Started Terminate Plymouth Boot Screen.
cloud-init[2068]: [[0;32m  OK  [0m] Started Hold until boot process finishes up.
|       =.........|
[   36.082395] cloud-init[2068]: |      = + +.oo.+.|
[   36.084280] cloud-init[2068]: |     . + = .oo+ o|
[   36.085084] cloud-init[2068]: |      .   .  o.. |
[   36.085834] cloud-init[2068]: +----[SHA256]-----+
[   36.086568] cloud-init[2068]: Generating public/private dsa key pair.
[   36.093335] cloud-init[2068]: Your identification has been saved in /etc/ssh/ssh_host_dsa_key.
[[0;32m  OK  [0m] Started Serial Getty on ttyS0.
[[0;32m  OK  [0m] Started Getty on tty1.
[[0;32m  OK  [0m] Reached target Login Prompts.
[   36.113902] cloud-init[2068]: Your public key has been saved in /etc/ssh/ssh_host_dsa_key.pub.
[   36.121537]          Starting Set console scheme...
cloud-init[2068]: The key fingerprint is:
[   36.124205] cloud-init[2068]: SHA256:Ov7HuTswOhyrIPqjvCKKfTwHLUA2OdYuJodRorZhZZ8 root@ubuntu-xenial
[   36.129070] cloud-init[2068]: The key's randomart image is:
[   36.133433] cloud-init[2068]: +---[DSA 1024]----+
[[0;32m  OK  [0m] Started Set console scheme.
[   36.172791] cloud-init[2068]: |...=             |
[   36.217685] cloud-init[2068]: |o.X o .          |
[   36.220407] cloud-init[2068]: |.X + E           |
[   36.232250] cloud-init[2068]: |= B .            |
[   36.247430] cloud-init[2068]: | = o .  S        |
[   36.249539] cloud-init[2068]: |    o o.o        |
[   36.300425] cloud-init[2068]: |. .. +o+ + .     |
[   36.313898] cloud-init[2068]: |*o..+.*.  =      |
[   36.315020] cloud-init[2068]: |O=+o.+.o..o+     |
[   36.316159] cloud-init[2068]: +----[SHA256]-----+
[   36.317261] cloud-init[2068]: Generating public/private ecdsa key pair.
[   36.318543] cloud-init[2068]: Your identification has been saved in /etc/ssh/ssh_host_ecdsa_key.
[   36.319974] cloud-init[2068]: Your public key has been saved in /etc/ssh/ssh_host_ecdsa_key.pub.
[   36.321456] cloud-init[2068]: The key fingerprint is:
[   36.322605] cloud-init[2068]: SHA256:rKsoYOhCTPl26IeI9pooKujJiQuMT+izvXvz6G+zfrA root@ubuntu-xenial
[   36.324045] cloud-init[2068]: The key's randomart image is:
[   36.325240] cloud-init[2068]: +---[ECDSA 256]---+
[   36.326344] cloud-init[2068]: |                 |
[   36.327420] cloud-init[2068]: |                 |
[   36.328503] cloud-init[2068]: |  .              |
[   36.329592] cloud-init[2068]: | o     .         |
[   36.330637] cloud-init[2068]: |+ . .   S        |
[   36.352591] cloud-init[2068]: |== + . o         |
[   36.480334] cloud-init[2068]: |@.= o . o        |
[   36.532317] cloud-init[2068]: |&B=+ +.E .       |
[   36.572443] cloud-init[2068]: |%%B=B+B=+        |
[   36.616342] cloud-init[2068]: +----[SHA256]-----+
[   36.660383] cloud-init[2068]: Generating public/private ed25519 key pair.
[   36.724409] cloud-init[2068]: Your identification has been saved in /etc/ssh/ssh_host_ed25519_key.
[   36.756525] cloud-init[2068]: Your public key has been saved in /etc/ssh/ssh_host_ed25519_key.pub.
[   36.758790] cloud-init[2068]: The key fingerprint is:
[   36.760715] cloud-init[2068]: SHA256:PWGHfc+6E5olssp4Bpur2eEd56IWANGiT7r4IkTpOU4 root@ubuntu-xenial
[   36.768172] cloud-init[2068]: The key's randomart image is:
[   36.816330] cloud-init[2068]: +--[ED25519 256]--+
[[0;32m  OK  [0m] Stopped OpenBSD Secure Shell server.
[   36.860665] cloud-init[2068]: |  .o             |
         Starting OpenBSD Secure Shell server...
[   36.956382] cloud-init[2068]: |  o .      o     |
[   36.961173] cloud-init[2068]: | ..o      + o .  |
[   36.962977] cloud-init[2068]: |.o. .    o o . o |
[   36.971321] cloud-init[2068]: |o+.  .  S o     o|
[   36.976370] cloud-init[2068]: |.E.   o   ... o. |
[   36.979167] cloud-init[2068]: |=..   .=. .o =.. |
[   36.981041] cloud-init[2068]: |=.   ++=++. o .. |
[   36.982897] cloud-init[2068]: |.o. oo*=+o.   .. |
[   36.984701] [cloud-init[0;32m  OK  [0m[2068]: ] +----[SHA256]-----+Started OpenBSD Secure Shell server.

[   36.988822] cloud-init[2161]: Generating locales (this might take a while)...
[   36.991349] cloud-init[2161]:   en_US.UTF-8... done
[   36.993292] cloud-init[2161]: Generation complete.
[   37.450641] cloud-init[2161]: Cloud-init v. 0.7.7 running 'modules:config' at Thu, 28 Jul 2016 22:52:13 +0000. Up 35.41 seconds.
[[0;32m  OK  [0m] Started Apply the settings specified in cloud-config.
[[0;32m  OK  [0m] Created slice User Slice of ubuntu.
         Starting User Manager for UID 1000...
         Starting Execute cloud user/final scripts...
[[0;32m  OK  [0m] Started User Manager for UID 1000.
[[0;32m  OK  [0m] Started Session 1 of user ubuntu.
ci-info: no authorized ssh keys fingerprints found for user ubuntu.
<14>Jul 28 22:52:15 ec2: 
<14>Jul 28 22:52:15 ec2: #############################################################
<14>Jul 28 22:52:15 ec2: -----BEGIN SSH HOST KEY FINGERPRINTS-----
<14>Jul 28 22:52:15 ec2: 1024 SHA256:Ov7HuTswOhyrIPqjvCKKfTwHLUA2OdYuJodRorZhZZ8 root@ubuntu-xenial (DSA)
<14>Jul 28 22:52:15 ec2: 256 SHA256:rKsoYOhCTPl26IeI9pooKujJiQuMT+izvXvz6G+zfrA root@ubuntu-xenial (ECDSA)
<14>Jul 28 22:52:15 ec2: 256 SHA256:PWGHfc+6E5olssp4Bpur2eEd56IWANGiT7r4IkTpOU4 root@ubuntu-xenial (ED25519)
<14>Jul 28 22:52:15 ec2: 2048 SHA256:ujQZ32JnXkPvlscBOZxElAuf8fSuEq1QwnKygZKJxrE root@ubuntu-xenial (RSA)
<14>Jul 28 22:52:15 ec2: -----END SSH HOST KEY FINGERPRINTS-----
<14>Jul 28 22:52:15 ec2: #############################################################
-----BEGIN SSH HOST KEY KEYS-----
ecdsa-sha2-nistp256 AAAAE2VjZHNhLXNoYTItbmlzdHAyNTYAAAAIbmlzdHAyNTYAAABBBMYkZdmzpVGtfNzsAZLlaE0hUQmkDZAPxwb5cpro0lyDDUR0XwI02Dvz53HFh9NYHg+7LkIHorRouswShQs/edk= root@ubuntu-xenial
ssh-ed25519 AAAAC3NzaC1lZDI1NTE5AAAAIJTJDjOCIklwJI+Y+PnYrf4HFaVV49Fjk8r/7jYOTw5i root@ubuntu-xenial
ssh-rsa AAAAB3NzaC1yc2EAAAADAQABAAABAQDLyi5wC11KjDMF3FXoi/UHG9iirGwcRl3J0ef4fFXV7hEk/gc9JJNaMMGo7lwDVNCmMKRHWK5dHQic3aiv/hvcAz3iGJzmClVY6NkUmApkogo7LgfdbG+KZTxxYREpq0D7BUxnQFHwP3ssVvh7nqQjSB8+OClYIifh+NTnyamtlLxs6MIxg6lagyq0yq0IHD3X6Q0G/tX1gjzua9y9cav++BiZhmWER5wgSOp9At9thYJK1SkYkeIcmLcOlh+/AwzV9o3B4jfoufWhPoF+jRJsfRSQGejYZeWE+j3+6/tPzk7ElSUceAzWTc26X2cPscKf3IIYzF5Y/TgkvbR2IkFb root@ubuntu-xenial
-----END SSH HOST KEY KEYS-----
[   38.721985] cloud-init[2315]: Cloud-init v. 0.7.7 running 'modules:final' at Thu, 28 Jul 2016 22:52:15 +0000. Up 37.94 seconds.
[   38.766985] [[0;32m  OK  [0m] Started Execute cloud user/final scripts.
cloud-init[2315]: ci-info: no authorized ssh keys fingerprints found for user ubuntu.
[   38.770986] [[0;32m  OK  [0m] Reached target Cloud-init target.
cloud-init[2315]: Cloud-init v. 0.7.7 finished at Thu, 28 Jul 2016 22:52:16 +0000. Datasource DataSourceNoCloud [seed=/dev/sdb][dsmode=net].  Up 38.71 seconds
[[0;32m  OK  [0m] Started Seed the pseudo random number generator on first boot.
[[0;32m  OK  [0m] Reached target Multi-User System.
[[0;32m  OK  [0m] Reached target Graphical Interface.
         Starting Update UTMP about System Runlevel Changes...
[[0;32m  OK  [0m] Started Update UTMP about System Runlevel Changes.

Ubuntu 16.04.1 LTS ubuntu-xenial ttyS0

ubuntu-xenial login: 