VirtualBox XPCOM Server 5.0.24_Ubuntu r108355 linux.amd64 (Jul  5 2016 08:17:21) release log
00:00:00.000157 main     Log opened 2016-07-28T14:06:15.444727000Z
00:00:00.000158 main     Build Type: release
00:00:00.000160 main     OS Product: Linux
00:00:00.000161 main     OS Release: 4.4.0-31-generic
00:00:00.000161 main     OS Version: #50-Ubuntu SMP Wed Jul 13 00:07:12 UTC 2016
00:00:00.000175 main     DMI Product Name: OptiPlex XE2
00:00:00.000178 main     DMI Product Version: 00
00:00:00.000217 main     Host RAM: 15951MB total, 14713MB available
00:00:00.000219 main     Executable: /usr/lib/virtualbox/VBoxSVC
00:00:00.000219 main     Process ID: 4171
00:00:00.000220 main     Package type: LINUX_64BITS_GENERIC (OSE)
00:00:00.104266 nspr-2   Home directory: '/home/loki/.config/VirtualBox'
00:00:00.105975 nspr-2   NetIfAdpCtlOut: VBoxNetAdpCtl: Error while retrieving link status for wlp3s0: VBoxNetAdpCtl: ioctl failed: Operation not supported
00:00:00.107553 nspr-2   NAT: resolv.conf: nameserver 127.0.1.1
00:00:00.107568 nspr-2   HostDnsMonitor: old information
00:00:00.107570 nspr-2     no server entries
00:00:00.107572 nspr-2     no domain set
00:00:00.107573 nspr-2     no search string entries
00:00:00.107575 nspr-2   HostDnsMonitor: new information
00:00:00.107576 nspr-2     server 1: 127.0.1.1
00:00:00.107578 nspr-2     no domain set
00:00:00.107580 nspr-2     no search string entries
00:00:00.107584 nspr-2   HostDnsMonitorProxy::notify
00:00:00.108938 nspr-2   Failed to open "/dev/vboxdrvu", errno=13, rc=VERR_VM_DRIVER_NOT_ACCESSIBLE
00:00:00.109382 nspr-2   VD: VDInit finished
00:00:00.109429 nspr-2   ERROR [COM]: aRC=NS_ERROR_FAILURE (0x80004005) aIID={0eb668d2-495e-5a36-8890-29999b5f030c} aComponent={SystemPropertiesWrap} aText={Cannot determine default Guest Additions ISO location. Most likely they are not available}, preserve=false aResultDetail=0
00:00:00.113644 nspr-2   NetIfAdpCtlOut: VBoxNetAdpCtl: Error while retrieving link status for wlp3s0: VBoxNetAdpCtl: ioctl failed: Operation not supported
00:00:05.610859 Watcher  ERROR [COM]: aRC=E_ACCESSDENIED (0x80070005) aIID={0169423f-46b4-cde9-91af-1e9d5b6cd945} aComponent={VirtualBoxWrap} aText={The object is not ready}, preserve=false aResultDetail=0
00:00:10.116309 main     {00007fb7d8015cf0} HostPowerServiceLinux::~HostPowerServiceLinux: RTThreadWait() for 5000 ms failed with VERR_TIMEOUT
